0 info it worked if it ends with ok
1 verbose cli [ 'c:\\dev\\nodejs\\node.exe',
1 verbose cli   'c:\\dev\\nodejs\\node_modules\\npm\\bin\\npm-cli.js',
1 verbose cli   'run',
1 verbose cli   'start' ]
2 info using npm@3.10.8
3 info using node@v6.9.1
4 verbose run-script [ 'prestart', 'start', 'poststart' ]
5 info lifecycle whater@0.0.0~prestart: whater@0.0.0
6 silly lifecycle whater@0.0.0~prestart: no script for prestart, continuing
7 info lifecycle whater@0.0.0~start: whater@0.0.0
8 verbose lifecycle whater@0.0.0~start: unsafe-perm in lifecycle true
9 verbose lifecycle whater@0.0.0~start: PATH: C:\dev\nvm\v6.9.1\node_modules\npm\bin\node-gyp-bin;c:\Users\Administrator\Desktop\proxy\whater\node_modules\.bin;c:\Users\Administrator\bin;.;C:\Program Files (x86)\Git\local\bin;C:\Program Files (x86)\Git\mingw\bin;C:\Program Files (x86)\Git\bin;C:\Program Files (x86)\Git\bin;c:\ProgramData\Oracle\Java\javapath;c:\Program Files (x86)\AMD APP\bin\x86_64;c:\Program Files (x86)\AMD APP\bin\x86;c:\Program ;c:\Program Files\Git\cmd;c:\Windows\system32;c:\Windows;c:\Windows\system32\wbem;c:\Program Files\MongoDB\Server\3.4\bin;c:\Users\Administrator\AppData\Local\Programs\Python\Python35\Scripts\;c:\Users\Administrator\AppData\Local\Programs\Python\Python35\;c:\dev\nvm;c:\dev\nodejs
10 verbose lifecycle whater@0.0.0~start: CWD: c:\Users\Administrator\Desktop\proxy\whater
11 silly lifecycle whater@0.0.0~start: Args: [ '/d /s /c', 'node ./bin/www' ]
12 silly lifecycle whater@0.0.0~start: Returned: code: 1  signal: null
13 info lifecycle whater@0.0.0~start: Failed to exec start script
14 verbose stack Error: whater@0.0.0 start: `node ./bin/www`
14 verbose stack Exit status 1
14 verbose stack     at EventEmitter.<anonymous> (C:\dev\nvm\v6.9.1\node_modules\npm\lib\utils\lifecycle.js:255:16)
14 verbose stack     at emitTwo (events.js:106:13)
14 verbose stack     at EventEmitter.emit (events.js:191:7)
14 verbose stack     at ChildProcess.<anonymous> (C:\dev\nvm\v6.9.1\node_modules\npm\lib\utils\spawn.js:40:14)
14 verbose stack     at emitTwo (events.js:106:13)
14 verbose stack     at ChildProcess.emit (events.js:191:7)
14 verbose stack     at maybeClose (internal/child_process.js:877:16)
14 verbose stack     at Process.ChildProcess._handle.onexit (internal/child_process.js:226:5)
15 verbose pkgid whater@0.0.0
16 verbose cwd c:\Users\Administrator\Desktop\proxy\whater
17 error Windows_NT 6.1.7601
18 error argv "c:\\dev\\nodejs\\node.exe" "c:\\dev\\nodejs\\node_modules\\npm\\bin\\npm-cli.js" "run" "start"
19 error node v6.9.1
20 error npm  v3.10.8
21 error code ELIFECYCLE
22 error whater@0.0.0 start: `node ./bin/www`
22 error Exit status 1
23 error Failed at the whater@0.0.0 start script 'node ./bin/www'.
23 error Make sure you have the latest version of node.js and npm installed.
23 error If you do, this is most likely a problem with the whater package,
23 error not with npm itself.
23 error Tell the author that this fails on your system:
23 error     node ./bin/www
23 error You can get information on how to open an issue for this project with:
23 error     npm bugs whater
23 error Or if that isn't available, you can get their info via:
23 error     npm owner ls whater
23 error There is likely additional logging output above.
24 verbose exit [ 1, true ]
